[17-Oct-2023 06:46:24 Europe/Berlin] Inicio de aplicacion web
[17-Oct-2023 06:46:24 Europe/Berlin] PHP Deprecated:  rtrim(): Passing null to parameter #1 ($string) of type string is deprecated in C:\Xampp\xampp\htdocs\KALLPA\libs\app.php on line 8
[17-Oct-2023 06:46:24 Europe/Berlin] APP::construct-> no hay controlador especificado
[17-Oct-2023 06:46:24 Europe/Berlin] PHP Deprecated:  Creation of dynamic property Login::$vista is deprecated in C:\Xampp\xampp\htdocs\KALLPA\libs\controller.php on line 6
[17-Oct-2023 06:46:24 Europe/Berlin] Login::construct->inicio de Login
[17-Oct-2023 06:46:24 Europe/Berlin] PHP Deprecated:  Creation of dynamic property View::$d is deprecated in C:\Xampp\xampp\htdocs\KALLPA\libs\view.php on line 11
[17-Oct-2023 06:46:24 Europe/Berlin] PHP Warning:  require(vista/login/formLoginP.php.php): Failed to open stream: No such file or directory in C:\Xampp\xampp\htdocs\KALLPA\libs\view.php on line 12
[17-Oct-2023 06:46:24 Europe/Berlin] PHP Fatal error:  Uncaught Error: Failed opening required 'vista/login/formLoginP.php.php' (include_path='C:\Xampp\xampp\php\PEAR') in C:\Xampp\xampp\htdocs\KALLPA\libs\view.php:12
Stack trace:
#0 C:\Xampp\xampp\htdocs\KALLPA\controlador\login.php(12): View->render('login/formLogin...')
#1 C:\Xampp\xampp\htdocs\KALLPA\libs\app.php(17): Login->render()
#2 C:\Xampp\xampp\htdocs\KALLPA\index.php(17): App->__construct()
#3 {main}
  thrown in C:\Xampp\xampp\htdocs\KALLPA\libs\view.php on line 12
[17-Oct-2023 06:47:09 Europe/Berlin] Inicio de aplicacion web
[17-Oct-2023 06:47:09 Europe/Berlin] PHP Deprecated:  rtrim(): Passing null to parameter #1 ($string) of type string is deprecated in C:\Xampp\xampp\htdocs\KALLPA\libs\app.php on line 8
[17-Oct-2023 06:47:09 Europe/Berlin] APP::construct-> no hay controlador especificado
[17-Oct-2023 06:47:09 Europe/Berlin] PHP Deprecated:  Creation of dynamic property Login::$vista is deprecated in C:\Xampp\xampp\htdocs\KALLPA\libs\controller.php on line 6
[17-Oct-2023 06:47:09 Europe/Berlin] Login::construct->inicio de Login
[17-Oct-2023 06:47:09 Europe/Berlin] PHP Deprecated:  Creation of dynamic property View::$d is deprecated in C:\Xampp\xampp\htdocs\KALLPA\libs\view.php on line 11
[17-Oct-2023 06:47:09 Europe/Berlin] Inicio de aplicacion web
[17-Oct-2023 06:47:33 Europe/Berlin] Inicio de aplicacion web
[17-Oct-2023 06:47:33 Europe/Berlin] PHP Deprecated:  rtrim(): Passing null to parameter #1 ($string) of type string is deprecated in C:\Xampp\xampp\htdocs\KALLPA\libs\app.php on line 8
[17-Oct-2023 06:47:33 Europe/Berlin] APP::construct-> no hay controlador especificado
[17-Oct-2023 06:47:33 Europe/Berlin] PHP Deprecated:  Creation of dynamic property Login::$vista is deprecated in C:\Xampp\xampp\htdocs\KALLPA\libs\controller.php on line 6
[17-Oct-2023 06:47:33 Europe/Berlin] Login::construct->inicio de Login
[17-Oct-2023 06:47:33 Europe/Berlin] PHP Deprecated:  Creation of dynamic property View::$d is deprecated in C:\Xampp\xampp\htdocs\KALLPA\libs\view.php on line 11
[17-Oct-2023 06:47:33 Europe/Berlin] Inicio de aplicacion web
[17-Oct-2023 06:47:41 Europe/Berlin] Inicio de aplicacion web
[17-Oct-2023 06:47:41 Europe/Berlin] PHP Deprecated:  rtrim(): Passing null to parameter #1 ($string) of type string is deprecated in C:\Xampp\xampp\htdocs\KALLPA\libs\app.php on line 8
[17-Oct-2023 06:47:41 Europe/Berlin] APP::construct-> no hay controlador especificado
[17-Oct-2023 06:47:41 Europe/Berlin] PHP Deprecated:  Creation of dynamic property Login::$vista is deprecated in C:\Xampp\xampp\htdocs\KALLPA\libs\controller.php on line 6
[17-Oct-2023 06:47:41 Europe/Berlin] Login::construct->inicio de Login
[17-Oct-2023 06:47:41 Europe/Berlin] PHP Deprecated:  Creation of dynamic property View::$d is deprecated in C:\Xampp\xampp\htdocs\KALLPA\libs\view.php on line 11
[17-Oct-2023 06:47:41 Europe/Berlin] PHP Fatal error:  Uncaught ArgumentCountError: Too few arguments to function View::render(), 0 passed in C:\Xampp\xampp\htdocs\KALLPA\controlador\login.php on line 13 and at least 1 expected in C:\Xampp\xampp\htdocs\KALLPA\libs\view.php:9
Stack trace:
#0 C:\Xampp\xampp\htdocs\KALLPA\controlador\login.php(13): View->render()
#1 C:\Xampp\xampp\htdocs\KALLPA\libs\app.php(17): Login->render()
#2 C:\Xampp\xampp\htdocs\KALLPA\index.php(17): App->__construct()
#3 {main}
  thrown in C:\Xampp\xampp\htdocs\KALLPA\libs\view.php on line 9
[17-Oct-2023 06:47:41 Europe/Berlin] Inicio de aplicacion web
[17-Oct-2023 06:47:53 Europe/Berlin] Inicio de aplicacion web
[17-Oct-2023 06:47:53 Europe/Berlin] PHP Deprecated:  rtrim(): Passing null to parameter #1 ($string) of type string is deprecated in C:\Xampp\xampp\htdocs\KALLPA\libs\app.php on line 8
[17-Oct-2023 06:47:53 Europe/Berlin] APP::construct-> no hay controlador especificado
[17-Oct-2023 06:47:53 Europe/Berlin] PHP Deprecated:  Creation of dynamic property Login::$vista is deprecated in C:\Xampp\xampp\htdocs\KALLPA\libs\controller.php on line 6
[17-Oct-2023 06:47:53 Europe/Berlin] Login::construct->inicio de Login
[17-Oct-2023 06:47:53 Europe/Berlin] PHP Deprecated:  Creation of dynamic property View::$d is deprecated in C:\Xampp\xampp\htdocs\KALLPA\libs\view.php on line 11
[17-Oct-2023 06:47:53 Europe/Berlin] Inicio de aplicacion web
[17-Oct-2023 06:47:53 Europe/Berlin] Inicio de aplicacion web
[17-Oct-2023 06:47:53 Europe/Berlin] PHP Deprecated:  rtrim(): Passing null to parameter #1 ($string) of type string is deprecated in C:\Xampp\xampp\htdocs\KALLPA\libs\app.php on line 8
[17-Oct-2023 06:47:53 Europe/Berlin] APP::construct-> no hay controlador especificado
[17-Oct-2023 06:47:53 Europe/Berlin] PHP Deprecated:  Creation of dynamic property Login::$vista is deprecated in C:\Xampp\xampp\htdocs\KALLPA\libs\controller.php on line 6
[17-Oct-2023 06:47:53 Europe/Berlin] Login::construct->inicio de Login
[17-Oct-2023 06:47:53 Europe/Berlin] PHP Deprecated:  Creation of dynamic property View::$d is deprecated in C:\Xampp\xampp\htdocs\KALLPA\libs\view.php on line 11
[17-Oct-2023 06:47:53 Europe/Berlin] Inicio de aplicacion web
[17-Oct-2023 06:47:53 Europe/Berlin] Inicio de aplicacion web
[17-Oct-2023 06:47:53 Europe/Berlin] PHP Deprecated:  rtrim(): Passing null to parameter #1 ($string) of type string is deprecated in C:\Xampp\xampp\htdocs\KALLPA\libs\app.php on line 8
[17-Oct-2023 06:47:53 Europe/Berlin] APP::construct-> no hay controlador especificado
[17-Oct-2023 06:47:53 Europe/Berlin] PHP Deprecated:  Creation of dynamic property Login::$vista is deprecated in C:\Xampp\xampp\htdocs\KALLPA\libs\controller.php on line 6
[17-Oct-2023 06:47:53 Europe/Berlin] Login::construct->inicio de Login
[17-Oct-2023 06:47:53 Europe/Berlin] PHP Deprecated:  Creation of dynamic property View::$d is deprecated in C:\Xampp\xampp\htdocs\KALLPA\libs\view.php on line 11
[17-Oct-2023 06:47:53 Europe/Berlin] Inicio de aplicacion web
[17-Oct-2023 06:47:54 Europe/Berlin] Inicio de aplicacion web
[17-Oct-2023 06:47:54 Europe/Berlin] PHP Deprecated:  rtrim(): Passing null to parameter #1 ($string) of type string is deprecated in C:\Xampp\xampp\htdocs\KALLPA\libs\app.php on line 8
[17-Oct-2023 06:47:54 Europe/Berlin] APP::construct-> no hay controlador especificado
[17-Oct-2023 06:47:54 Europe/Berlin] PHP Deprecated:  Creation of dynamic property Login::$vista is deprecated in C:\Xampp\xampp\htdocs\KALLPA\libs\controller.php on line 6
[17-Oct-2023 06:47:54 Europe/Berlin] Login::construct->inicio de Login
[17-Oct-2023 06:47:54 Europe/Berlin] PHP Deprecated:  Creation of dynamic property View::$d is deprecated in C:\Xampp\xampp\htdocs\KALLPA\libs\view.php on line 11
[17-Oct-2023 06:47:54 Europe/Berlin] Inicio de aplicacion web
